2025-03-24 04:08:24 - utils.log_manager - INFO - Logging setup complete (level: INFO)
2025-03-24 04:08:24 - __main__ - INFO - Initializing Quantum Memecoin Trading Bot...
2025-03-24 04:08:24 - core.config_manager - INFO - Loaded configuration from ./config.json
2025-03-24 04:08:24 - core.config_manager - INFO - ConfigManager initialized
2025-03-24 04:08:24 - core.state_manager - INFO - StateManager initialized
2025-03-24 04:08:24 - core.security_manager - INFO - Generated new encryption key
2025-03-24 04:08:24 - core.security_manager - INFO - SecurityManager initialized
2025-03-24 04:08:24 - utils.memory_manager - INFO - MemoryManager initialized
2025-03-24 04:08:24 - monitoring.monitoring_system - INFO - MonitoringSystem initialized
2025-03-24 04:08:24 - monitoring.telegram_notifier - INFO - TelegramNotifier initialized (enabled: True)
2025-03-24 04:08:24 - network.pump_portal_client - INFO - PumpPortalClient initialized
2025-03-24 04:08:24 - trading.raydium_client - INFO - Wallet loaded with public key: At9vAh9Ptzyrb5pffJePyCfs7FYGF54quBEvhBKPrrCi
2025-03-24 04:08:24 - trading.raydium_client - INFO - RaydiumClient initialized (network: mainnet)
2025-03-24 04:08:24 - trading.risk_manager - INFO - RiskManager initialized
2025-03-24 04:08:24 - strategy.adaptive_strategy - INFO - AdaptiveStrategy initialized
2025-03-24 04:08:24 - strategy.strategy_manager - INFO - StrategyManager initialized
2025-03-24 04:08:24 - trading.dynamic_profit_manager - INFO - DynamicProfitManager initialized
2025-03-24 04:08:24 - trading.mev_protection - INFO - MEVProtection initialized
2025-03-24 04:08:24 - trading.gas_predictor - INFO - GasPredictor initialized
2025-03-24 04:08:24 - trading.trading_integration - INFO - TradingIntegration initialized
2025-03-24 04:08:24 - core.adapter - INFO - Adapter initialized
2025-03-24 04:08:24 - core.state_manager - WARNING - Component pump_portal_client already registered, updating reference
2025-03-24 04:08:24 - __main__ - INFO - Bot initialized successfully
2025-03-24 04:08:24 - __main__ - WARNING - Skipping signal handlers in non-main thread
2025-03-24 04:08:24 - __main__ - INFO - Starting Quantum Memecoin Trading Bot...
2025-03-24 04:08:24 - monitoring.monitoring_system - INFO - Starting MonitoringSystem
2025-03-24 04:08:24 - monitoring.monitoring_system - INFO - MonitoringSystem started
Address already in use
Port 5000 is in use by another program. Either identify and stop that program, or start the server with a different port.
2025-03-24 04:08:24 - core.base_component - INFO - pump_portal_client started
2025-03-24 04:08:24 - network.pump_portal_client - INFO - Starting PumpPortalClient
2025-03-24 04:08:24 - network.pump_portal_client - INFO - Connecting to PumpPortal WebSocket API at wss://pumpportal.fun/api/data
2025-03-24 04:08:24 - network.pump_portal_client - INFO - Attempting connection with API key: ***********************************************************************************************************************************************************************************************************kuf8
2025-03-24 04:08:24 - network.pump_portal_client - INFO - Attempting connection method 1: Direct connection
2025-03-24 04:10:26,985 - __main__ - INFO - Khởi động Quantum Memecoin Trading Bot (chỉ trading bot)...
2025-03-24 04:10:26,986 - __main__ - INFO - Starting Quantum Memecoin Trading Bot...
2025-03-24 04:10:26,986 - __main__ - INFO - Initializing Quantum Memecoin Trading Bot...
2025-03-24 04:10:26,986 - state_manager - INFO - StateManager initialized
2025-03-24 04:10:26,986 - config_manager - INFO - Configuration loaded from file
2025-03-24 04:10:26,986 - config_manager - INFO - ConfigManager initialized
2025-03-24 04:10:26,986 - security_manager - INFO - SecurityManager initialized
2025-03-24 04:10:26,987 - pump_portal - INFO - PumpPortalClient initialized
2025-03-24 04:10:26,987 - raydium - INFO - RaydiumClient initialized
2025-03-24 04:10:26,987 - risk_manager - INFO - RiskManager initialized
2025-03-24 04:10:26,987 - strategy_manager - INFO - StrategyManager initialized
2025-03-24 04:10:26,987 - trading_integration - INFO - TradingIntegration initialized
2025-03-24 04:10:26,987 - state_manager - INFO - Component registered: config_manager
2025-03-24 04:10:26,987 - state_manager - INFO - Component registered: security_manager
2025-03-24 04:10:26,987 - state_manager - INFO - Component registered: pump_portal
2025-03-24 04:10:26,988 - state_manager - INFO - Component registered: raydium
2025-03-24 04:10:26,988 - state_manager - INFO - Component registered: risk_manager
2025-03-24 04:10:26,988 - state_manager - INFO - Component registered: strategy_manager
2025-03-24 04:10:26,988 - state_manager - INFO - Component registered: trading_integration
2025-03-24 04:10:26,988 - __main__ - INFO - Quantum Memecoin Trading Bot initialized
2025-03-24 04:10:26,988 - __main__ - INFO - Starting Quantum Memecoin Trading Bot...
2025-03-24 04:10:26,988 - trading_integration - INFO - Starting TradingIntegration
2025-03-24 04:10:26,988 - pump_portal - INFO - Connected to PumpPortal WebSocket
2025-03-24 04:10:26,988 - pump_portal - INFO - Subscribed to PumpPortal events
2025-03-24 04:10:26,988 - raydium - INFO - RaydiumClient initialized
2025-03-24 04:10:26,988 - trading_integration - INFO - TradingIntegration started
2025-03-24 04:10:26,989 - __main__ - INFO - Quantum Memecoin Trading Bot started
